
 Entering Test Suite: imuldiv-IntMulDivIterative
  + Running Test Case: mul
     [ passed ] Test ( vc-TestSink ) succeeded, [ 0000000000000000 == 0000000000000000 ]
     [ passed ] Test ( vc-TestSink ) succeeded, [ ffffffffffffffff == ffffffffffffffff ]
     [ passed ] Test ( vc-TestSink ) succeeded, [ 0000000000000001 == 0000000000000001 ]
     [ passed ] Test ( vc-TestSink ) succeeded, [ ffffffffffffffc0 == ffffffffffffffc0 ]
     [ passed ] Test ( vc-TestSink ) succeeded, [ 0000000000000040 == 0000000000000040 ]
     [ passed ] Test ( vc-TestSink ) succeeded, [ fdeadbeef0000000 == fdeadbeef0000000 ]
     [ FAILED ] Test ( Is sink finished? ) failed
  + Running Test Case: div/rem
     [ passed ] Test ( vc-TestSink ) succeeded, [ 0000000000000001 == 0000000000000001 ]
     [ passed ] Test ( vc-TestSink ) succeeded, [ 0000000000000001 == 0000000000000001 ]
     [ passed ] Test ( vc-TestSink ) succeeded, [ 00000000ffffdf76 == 00000000ffffdf76 ]
     [ passed ] Test ( vc-TestSink ) succeeded, [ 0000003200000000 == 0000003200000000 ]
     [ passed ] Test ( vc-TestSink ) succeeded, [ 0000002e0000000a == 0000002e0000000a ]
     [ passed ] Test ( vc-TestSink ) succeeded, [ ffffda72ffffd353 == ffffda72ffffd353 ]
     [ passed ] Test ( vc-TestSink ) succeeded, [ ffffcc8e0000208b == ffffcc8e0000208b ]
     [ FAILED ] Test ( Is sink finished? ) failed
  + Running Test Case: divu/remu
     [ passed ] Test ( vc-TestSink ) succeeded, [ 0000000000000001 == 0000000000000001 ]
     [ passed ] Test ( vc-TestSink ) succeeded, [ 0000000000000000 == 0000000000000000 ]
     [ passed ] Test ( vc-TestSink ) succeeded, [ 000000000000000d == 000000000000000d ]
     [ passed ] Test ( vc-TestSink ) succeeded, [ 0000003200000000 == 0000003200000000 ]
     [ passed ] Test ( vc-TestSink ) succeeded, [ 0a01b04400000000 == 0a01b04400000000 ]
     [ passed ] Test ( vc-TestSink ) succeeded, [ 000006f000032012 == 000006f000032012 ]
     [ FAILED ] Test ( Is sink finished? ) failed
  + Running Test Case: mixed
     [ passed ] Test ( vc-TestSink ) succeeded, [ ffffffffffffffc0 == ffffffffffffffc0 ]
     [ passed ] Test ( vc-TestSink ) succeeded, [ 0000000000000040 == 0000000000000040 ]
     [ passed ] Test ( vc-TestSink ) succeeded, [ fdeadbeef0000000 == fdeadbeef0000000 ]
     [ passed ] Test ( vc-TestSink ) succeeded, [ ffffda72ffffd353 == ffffda72ffffd353 ]
     [ passed ] Test ( vc-TestSink ) succeeded, [ ffffcc8e0000208b == ffffcc8e0000208b ]
     [ passed ] Test ( vc-TestSink ) succeeded, [ 0a01b04400000000 == 0a01b04400000000 ]
     [ passed ] Test ( vc-TestSink ) succeeded, [ 000006f000032012 == 000006f000032012 ]
     [ FAILED ] Test ( Is sink finished? ) failed

